<?xml version="1.0" encoding="UTF-8"?>
<!-- Generated by org.testng.reporters.JUnitXMLReporter -->
<testsuite ignored="0" hostname="Naveen" failures="1" tests="6" name="Test" time="50.546" errors="0" timestamp="2024-11-21T18:28:02 IST">
  <testcase classname="rahulshettyacademy.tests.SubmitOrder" name="submitorder" time="4.443"/>
  <testcase classname="rahulshettyacademy.tests.SubmitOrder" name="submitorder" time="4.694"/>
  <testcase classname="rahulshettyacademy.tests.SubmitOrder" name="verifyorder" time="1.743"/>
  <testcase classname="rahulshettyacademy.tests.SubmitOrder" name="verifyorder" time="1.384"/>
  <testcase classname="rahulshettyacademy.tests.ErrorValidation" name="incorrectlogin" time="1.17">
    <failure type="java.lang.AssertionError" message="expected [Incorrect email1 or password.] but found [Incorrect email or password.]">
      <![CDATA[java.lang.AssertionError: expected [Incorrect email1 or password.] but found [Incorrect email or password.]
at rahulshettyacademy.tests.ErrorValidation.incorrectlogin(ErrorValidation.java:24)
at java.base/java.util.ArrayList.forEach(ArrayList.java:1511)
... Removed 33 stack frames]]>
    </failure>
  </testcase> <!-- incorrectlogin -->
  <testcase classname="rahulshettyacademy.tests.ErrorValidation" name="incorrectproduct" time="6.175"/>
</testsuite> <!-- Test -->
