<?xml version="1.0" encoding="UTF-8"?>
<!-- Generated by org.testng.reporters.JUnitXMLReporter -->
<testsuite ignored="0" hostname="Naveen" failures="1" tests="2" name="SubmitTest" time="15.944" errors="0" timestamp="2024-11-25T12:12:14 IST">
  <testcase classname="rahulshettyacademy.tests.ErrorValidation" name="incorrectlogin" time="0.566">
    <failure type="java.lang.AssertionError" message="expected [Incorrect email1 or password.] but found []">
      <![CDATA[java.lang.AssertionError: expected [Incorrect email1 or password.] but found []
at rahulshettyacademy.tests.ErrorValidation.incorrectlogin(ErrorValidation.java:24)
at java.base/java.util.ArrayList.forEach(ArrayList.java:1597)
... Removed 35 stack frames]]>
    </failure>
  </testcase> <!-- incorrectlogin -->
  <testcase classname="rahulshettyacademy.tests.ErrorValidation" name="incorrectproduct" time="3.912"/>
</testsuite> <!-- SubmitTest -->
