<?xml version="1.0" encoding="UTF-8"?>
<!-- Generated by org.testng.reporters.JUnitXMLReporter -->
<testsuite ignored="0" hostname="Naveen" failures="0" tests="4" name="Test" time="26.057" errors="0" timestamp="2024-11-25T12:00:13 IST">
  <testcase classname="rahulshettyacademy.tests.SubmitOrder" name="submitorder" time="4.276"/>
  <testcase classname="rahulshettyacademy.tests.SubmitOrder" name="submitorder" time="4.22"/>
  <testcase classname="rahulshettyacademy.tests.SubmitOrder" name="verifyorder" time="1.089"/>
  <testcase classname="rahulshettyacademy.tests.SubmitOrder" name="verifyorder" time="1.127"/>
</testsuite> <!-- Test -->
